Using pre-set license
Built from '2021.1/release' branch; Version is '2021.1.0f1 (61a549675243) revision 6399305'; Using compiler version '192528614'; Build Type 'Release'
OS: 'Windows 10 Pro; OS build 19042.928; Version 2009; 64bit' Language: 'en' Physical Memory: 16332 MB
BatchMode: 1, IsHumanControllingUs: 0, StartBugReporterOnCrash: 0, Is64bit: 1, IsPro: 0

 COMMAND LINE ARGUMENTS:
D:\Unity\Engine\2021.1.0f1\Editor\Unity.exe
-adb2
-batchMode
-noUpm
-name
AssetImportWorker0
-projectPath
D:/Unity/UnityProject/WebTest
-logFile
Logs/AssetImportWorker0.log
-srvPort
57689
Successfully changed project path to: D:/Unity/UnityProject/WebTest
D:/Unity/UnityProject/WebTest
Using Asset Import Pipeline V2.
Refreshing native plugins compatible for Editor in 38.91 ms, found 1 plugins.
Preloading 0 native plugins for Editor in 0.00 ms.
Initialize engine version: 2021.1.0f1 (61a549675243)
[Subsystems] Discovering subsystems at path D:/Unity/Engine/2021.1.0f1/Editor/Data/Resources/UnitySubsystems
[Subsystems] Discovering subsystems at path D:/Unity/UnityProject/WebTest/Assets
GfxDevice: creating device client; threaded=0; jobified=0
Direct3D:
    Version:  Direct3D 11.0 [level 11.1]
    Renderer: NVIDIA GeForce GTX 1650 (ID=0x1f82)
    Vendor:   NVIDIA
    VRAM:     3962 MB
    Driver:   27.21.14.6192
Initialize mono
Mono path[0] = 'D:/Unity/Engine/2021.1.0f1/Editor/Data/Managed'
Mono path[1] = 'D:/Unity/Engine/2021.1.0f1/Editor/Data/MonoBleedingEdge/lib/mono/unityjit'
Mono config path = 'D:/Unity/Engine/2021.1.0f1/Editor/Data/MonoBleedingEdge/etc'
Using monoOptions --debugger-agent=transport=dt_socket,embedding=1,server=y,suspend=n,address=127.0.0.1:56996
Begin MonoManager ReloadAssembly
Registering precompiled unity dll's ...
Register platform support module: D:/Unity/Engine/2021.1.0f1/Editor/Data/PlaybackEngines/WindowsStandaloneSupport/UnityEditor.WindowsStandalone.Extensions.dll
Registered in 0.001548 seconds.
Native extension for WindowsStandalone target not found
Refreshing native plugins compatible for Editor in 37.55 ms, found 1 plugins.
Preloading 0 native plugins for Editor in 0.00 ms.
Mono: successfully reloaded assembly
- Completed reload, in  1.505 seconds
Platform modules already initialized, skipping
Registering precompiled user dll's ...
Registered in 0.000876 seconds.
Begin MonoManager ReloadAssembly
Native extension for WindowsStandalone target not found
Refreshing native plugins compatible for Editor in 38.04 ms, found 1 plugins.
Preloading 0 native plugins for Editor in 0.00 ms.
Mono: successfully reloaded assembly
- Completed reload, in  1.179 seconds
Platform modules already initialized, skipping
========================================================================
Worker process is ready to serve import requests
Launched and connected shader compiler UnityShaderCompiler.exe after 0.16 seconds
Refreshing native plugins compatible for Editor in 0.59 ms, found 1 plugins.
Preloading 0 native plugins for Editor in 0.00 ms.
Unloading 1843 Unused Serialized files (Serialized files now loaded: 0)
System memory in use before: 88.5 MB.
System memory in use after: 88.5 MB.

Unloading 19 unused Assets to reduce memory usage. Loaded Objects now: 2304.
Total: 3.449600 ms (FindLiveObjects: 0.982900 ms CreateObjectMapping: 0.126500 ms MarkObjects: 2.267100 ms  DeleteObjects: 0.071600 ms)

========================================================================
Received Import Request.
  path: Assets/InputSystem.cs
  artifactKey: Guid(ce95c75201e804247aa21ad64c769369) Importer(815301076,1909f56bfc062723c751e8b465ee728b)
Start importing Assets/InputSystem.cs using Guid(ce95c75201e804247aa21ad64c769369) Importer(815301076,1909f56bfc062723c751e8b465ee728b)  -> (artifact id: '7c406600629aa9174386e170a16e13b2') in 0.068970 seconds 
========================================================================
Received Import Request.
  Time since last request: 77.774397 seconds.
  path: Assets/InputSystem.cs
  artifactKey: Guid(ce95c75201e804247aa21ad64c769369) Importer(815301076,1909f56bfc062723c751e8b465ee728b)
Start importing Assets/InputSystem.cs using Guid(ce95c75201e804247aa21ad64c769369) Importer(815301076,1909f56bfc062723c751e8b465ee728b)  -> (artifact id: 'bba4c84bdc835170380139667b0dea26') in 0.002871 seconds 
========================================================================
Received Import Request.
  Time since last request: 304.055644 seconds.
  path: Assets/InputSystem.cs
  artifactKey: Guid(ce95c75201e804247aa21ad64c769369) Importer(815301076,1909f56bfc062723c751e8b465ee728b)
Start importing Assets/InputSystem.cs using Guid(ce95c75201e804247aa21ad64c769369) Importer(815301076,1909f56bfc062723c751e8b465ee728b)  -> (artifact id: 'ae8ed5c29040853c3a576292c0f2fbd5') in 0.003253 seconds 
========================================================================
Received Import Request.
  Time since last request: 23.795146 seconds.
  path: Assets/InputSystem.cs
  artifactKey: Guid(ce95c75201e804247aa21ad64c769369) Importer(815301076,1909f56bfc062723c751e8b465ee728b)
Start importing Assets/InputSystem.cs using Guid(ce95c75201e804247aa21ad64c769369) Importer(815301076,1909f56bfc062723c751e8b465ee728b)  -> (artifact id: '2209452a4ec910c281838b6a3e483ce3') in 0.003138 seconds 
========================================================================
Received Import Request.
  Time since last request: 9.768604 seconds.
  path: Assets/InputSystem.cs
  artifactKey: Guid(ce95c75201e804247aa21ad64c769369) Importer(815301076,1909f56bfc062723c751e8b465ee728b)
Start importing Assets/InputSystem.cs using Guid(ce95c75201e804247aa21ad64c769369) Importer(815301076,1909f56bfc062723c751e8b465ee728b)  -> (artifact id: 'e90f21bf103098c80050f75a09798c27') in 0.010717 seconds 
========================================================================
Received Import Request.
  Time since last request: 2.828336 seconds.
  path: Assets/InputSystem.cs
  artifactKey: Guid(ce95c75201e804247aa21ad64c769369) Importer(815301076,1909f56bfc062723c751e8b465ee728b)
Start importing Assets/InputSystem.cs using Guid(ce95c75201e804247aa21ad64c769369) Importer(815301076,1909f56bfc062723c751e8b465ee728b)  -> (artifact id: '9034ec2d562731bcb7a0fff706400663') in 0.002731 seconds 
========================================================================
Received Import Request.
  Time since last request: 23.635634 seconds.
  path: Assets/InputSystem.cs
  artifactKey: Guid(ce95c75201e804247aa21ad64c769369) Importer(815301076,1909f56bfc062723c751e8b465ee728b)
Start importing Assets/InputSystem.cs using Guid(ce95c75201e804247aa21ad64c769369) Importer(815301076,1909f56bfc062723c751e8b465ee728b)  -> (artifact id: '3843ff834a855fcc4070f6d96cdc5f47') in 0.002877 seconds 
========================================================================
Received Import Request.
  Time since last request: 34.814614 seconds.
  path: Assets/InputSystem.cs
  artifactKey: Guid(ce95c75201e804247aa21ad64c769369) Importer(815301076,1909f56bfc062723c751e8b465ee728b)
Start importing Assets/InputSystem.cs using Guid(ce95c75201e804247aa21ad64c769369) Importer(815301076,1909f56bfc062723c751e8b465ee728b)  -> (artifact id: '2ea955adc126d75ce5efcb6feaf6b63f') in 0.003607 seconds 
========================================================================
Received Import Request.
  Time since last request: 21.086763 seconds.
  path: Assets/InputSystem.cs
  artifactKey: Guid(ce95c75201e804247aa21ad64c769369) Importer(815301076,1909f56bfc062723c751e8b465ee728b)
Start importing Assets/InputSystem.cs using Guid(ce95c75201e804247aa21ad64c769369) Importer(815301076,1909f56bfc062723c751e8b465ee728b)  -> (artifact id: '53cd9c897d2d3510eb158be35e990379') in 0.002768 seconds 
========================================================================
Received Import Request.
  Time since last request: 10.815146 seconds.
  path: Assets/InputSystem.cs
  artifactKey: Guid(ce95c75201e804247aa21ad64c769369) Importer(815301076,1909f56bfc062723c751e8b465ee728b)
Start importing Assets/InputSystem.cs using Guid(ce95c75201e804247aa21ad64c769369) Importer(815301076,1909f56bfc062723c751e8b465ee728b)  -> (artifact id: 'f32360a04e582dfaa3437387567293b4') in 0.003547 seconds 
========================================================================
Received Import Request.
  Time since last request: 10.321482 seconds.
  path: Assets/InputSystem.cs
  artifactKey: Guid(ce95c75201e804247aa21ad64c769369) Importer(815301076,1909f56bfc062723c751e8b465ee728b)
Start importing Assets/InputSystem.cs using Guid(ce95c75201e804247aa21ad64c769369) Importer(815301076,1909f56bfc062723c751e8b465ee728b)  -> (artifact id: '0d8493d9d88d511c1ffb7aed75b56590') in 0.003019 seconds 
========================================================================
Received Prepare
Registering precompiled user dll's ...
Registered in 0.001169 seconds.
Begin MonoManager ReloadAssembly
Native extension for WindowsStandalone target not found
Refreshing native plugins compatible for Editor in 0.33 ms, found 1 plugins.
Preloading 0 native plugins for Editor in 0.00 ms.
Mono: successfully reloaded assembly
- Completed reload, in  0.930 seconds
Platform modules already initialized, skipping
Switching build target platform(19) subTarget(0) extendedPlatform(0) -> platform(9) subTarget(16777218) extendedPlatform(0)
Refreshing native plugins compatible for Editor in 0.36 ms, found 1 plugins.
Preloading 0 native plugins for Editor in 0.00 ms.
Unloading 1823 Unused Serialized files (Serialized files now loaded: 0)
System memory in use before: 86.9 MB.
System memory in use after: 87.0 MB.

Unloading 8 unused Assets to reduce memory usage. Loaded Objects now: 2307.
Total: 2.316800 ms (FindLiveObjects: 0.202500 ms CreateObjectMapping: 0.085700 ms MarkObjects: 2.006900 ms  DeleteObjects: 0.019600 ms)

AssetImportParameters requested are different than current active one (requested -> active):
  custom:graphics/normal-map-encoding: 01000000000000000000000000000000 -> 02000000000000000000000000000000
========================================================================
Received Prepare
Registering precompiled user dll's ...
Registered in 0.001057 seconds.
Begin MonoManager ReloadAssembly
Native extension for WindowsStandalone target not found
Refreshing native plugins compatible for Editor in 0.36 ms, found 1 plugins.
Preloading 0 native plugins for Editor in 0.00 ms.
Mono: successfully reloaded assembly
- Completed reload, in  1.093 seconds
Platform modules already initialized, skipping
Switching build target platform(19) subTarget(0) extendedPlatform(0) -> platform(9) subTarget(16777218) extendedPlatform(0)
Refreshing native plugins compatible for Editor in 0.35 ms, found 1 plugins.
Preloading 0 native plugins for Editor in 0.00 ms.
Unloading 1823 Unused Serialized files (Serialized files now loaded: 0)
System memory in use before: 86.9 MB.
System memory in use after: 87.0 MB.

Unloading 8 unused Assets to reduce memory usage. Loaded Objects now: 2310.
Total: 3.047300 ms (FindLiveObjects: 0.172100 ms CreateObjectMapping: 0.570600 ms MarkObjects: 2.283100 ms  DeleteObjects: 0.020100 ms)

AssetImportParameters requested are different than current active one (requested -> active):
  custom:graphics/normal-map-encoding: 01000000000000000000000000000000 -> 02000000000000000000000000000000
========================================================================
Received Prepare
Refreshing native plugins compatible for Editor in 1.50 ms, found 1 plugins.
Preloading 0 native plugins for Editor in 0.00 ms.
Unloading 5 Unused Serialized files (Serialized files now loaded: 0)
System memory in use before: 51.0 MB.
System memory in use after: 51.2 MB.

Unloading 5 unused Assets to reduce memory usage. Loaded Objects now: 2310.
Total: 3.420800 ms (FindLiveObjects: 0.199100 ms CreateObjectMapping: 0.083100 ms MarkObjects: 3.121500 ms  DeleteObjects: 0.016100 ms)

========================================================================
Received Import Request.
  Time since last request: 4776.353828 seconds.
  path: Assets/TextMesh Pro
  artifactKey: Guid(f54d1bd14bd3ca042bd867b519fee8cc) Importer(815301076,1909f56bfc062723c751e8b465ee728b)
Start importing Assets/TextMesh Pro using Guid(f54d1bd14bd3ca042bd867b519fee8cc) Importer(815301076,1909f56bfc062723c751e8b465ee728b)  -> (artifact id: '3a9c8d9ea0f025c0a8655f219472e868') in 0.115307 seconds 
========================================================================
Received Import Request.
  Time since last request: 5.204863 seconds.
  path: Assets/Canvas.prefab
  artifactKey: Guid(7e809be0b43fc724da839e14abb88cf1) Importer(815301076,1909f56bfc062723c751e8b465ee728b)
Start importing Assets/Canvas.prefab using Guid(7e809be0b43fc724da839e14abb88cf1) Importer(815301076,1909f56bfc062723c751e8b465ee728b)  -> (artifact id: '4a749103d8c083066180bf471cd506fa') in 0.344428 seconds 
========================================================================
Received Prepare
Registering precompiled user dll's ...
Registered in 0.013047 seconds.
Begin MonoManager ReloadAssembly
Native extension for WindowsStandalone target not found
Refreshing native plugins compatible for Editor in 0.38 ms, found 1 plugins.
Preloading 0 native plugins for Editor in 0.00 ms.
Mono: successfully reloaded assembly
- Completed reload, in  1.257 seconds
Platform modules already initialized, skipping
Switching build target platform(19) subTarget(0) extendedPlatform(0) -> platform(9) subTarget(16777218) extendedPlatform(0)
Refreshing native plugins compatible for Editor in 0.34 ms, found 1 plugins.
Preloading 0 native plugins for Editor in 0.00 ms.
Unloading 1824 Unused Serialized files (Serialized files now loaded: 0)
System memory in use before: 87.1 MB.
System memory in use after: 87.2 MB.

Unloading 11 unused Assets to reduce memory usage. Loaded Objects now: 2316.
Total: 2.738000 ms (FindLiveObjects: 0.185300 ms CreateObjectMapping: 0.079200 ms MarkObjects: 2.442500 ms  DeleteObjects: 0.029700 ms)

AssetImportParameters requested are different than current active one (requested -> active):
  custom:graphics/normal-map-encoding: 01000000000000000000000000000000 -> 02000000000000000000000000000000
========================================================================
Received Import Request.
  Time since last request: 848.537354 seconds.
  path: Assets/LogMessage.prefab
  artifactKey: Guid(a40e63e93c172304eae809b7ae03113c) Importer(815301076,1909f56bfc062723c751e8b465ee728b)
Start importing Assets/LogMessage.prefab using Guid(a40e63e93c172304eae809b7ae03113c) Importer(815301076,1909f56bfc062723c751e8b465ee728b)  -> (artifact id: 'b33fca0db1f5ade7c2b85b7539efb236') in 0.043702 seconds 
========================================================================
Received Import Request.
  Time since last request: 69.405253 seconds.
  path: Assets/LogMessage.prefab
  artifactKey: Guid(a40e63e93c172304eae809b7ae03113c) Importer(815301076,1909f56bfc062723c751e8b465ee728b)
Start importing Assets/LogMessage.prefab using Guid(a40e63e93c172304eae809b7ae03113c) Importer(815301076,1909f56bfc062723c751e8b465ee728b)  -> (artifact id: '615b0d94e40b4937483437bcea9dd482') in 0.004327 seconds 
========================================================================
Received Prepare
Registering precompiled user dll's ...
Registered in 0.021225 seconds.
Begin MonoManager ReloadAssembly
Native extension for WindowsStandalone target not found
Refreshing native plugins compatible for Editor in 0.36 ms, found 1 plugins.
Preloading 0 native plugins for Editor in 0.00 ms.
Mono: successfully reloaded assembly
- Completed reload, in  0.998 seconds
Platform modules already initialized, skipping
Switching build target platform(19) subTarget(0) extendedPlatform(0) -> platform(9) subTarget(16777218) extendedPlatform(0)
Refreshing native plugins compatible for Editor in 0.33 ms, found 1 plugins.
Preloading 0 native plugins for Editor in 0.00 ms.
Unloading 1824 Unused Serialized files (Serialized files now loaded: 0)
System memory in use before: 87.1 MB.
System memory in use after: 87.2 MB.

Unloading 8 unused Assets to reduce memory usage. Loaded Objects now: 2319.
Total: 2.691500 ms (FindLiveObjects: 0.374100 ms CreateObjectMapping: 0.250800 ms MarkObjects: 2.049000 ms  DeleteObjects: 0.016500 ms)

AssetImportParameters requested are different than current active one (requested -> active):
  custom:graphics/normal-map-encoding: 01000000000000000000000000000000 -> 02000000000000000000000000000000
========================================================================
Received Prepare
Registering precompiled user dll's ...
Registered in 0.001016 seconds.
Begin MonoManager ReloadAssembly
Native extension for WindowsStandalone target not found
Refreshing native plugins compatible for Editor in 0.32 ms, found 1 plugins.
Preloading 0 native plugins for Editor in 0.00 ms.
Mono: successfully reloaded assembly
- Completed reload, in  0.920 seconds
Platform modules already initialized, skipping
Switching build target platform(19) subTarget(0) extendedPlatform(0) -> platform(9) subTarget(16777218) extendedPlatform(0)
Refreshing native plugins compatible for Editor in 0.36 ms, found 1 plugins.
Preloading 0 native plugins for Editor in 0.00 ms.
Unloading 1824 Unused Serialized files (Serialized files now loaded: 0)
System memory in use before: 87.1 MB.
System memory in use after: 87.2 MB.

Unloading 8 unused Assets to reduce memory usage. Loaded Objects now: 2322.
Total: 2.773900 ms (FindLiveObjects: 0.306300 ms CreateObjectMapping: 0.126900 ms MarkObjects: 2.318500 ms  DeleteObjects: 0.020600 ms)

AssetImportParameters requested are different than current active one (requested -> active):
  custom:graphics/normal-map-encoding: 01000000000000000000000000000000 -> 02000000000000000000000000000000
========================================================================
Received Prepare
Registering precompiled user dll's ...
Registered in 0.000911 seconds.
Begin MonoManager ReloadAssembly
Native extension for WindowsStandalone target not found
Refreshing native plugins compatible for Editor in 0.42 ms, found 1 plugins.
Preloading 0 native plugins for Editor in 0.00 ms.
Mono: successfully reloaded assembly
- Completed reload, in  0.914 seconds
Platform modules already initialized, skipping
Switching build target platform(19) subTarget(0) extendedPlatform(0) -> platform(9) subTarget(16777218) extendedPlatform(0)
Refreshing native plugins compatible for Editor in 0.33 ms, found 1 plugins.
Preloading 0 native plugins for Editor in 0.00 ms.
Unloading 1824 Unused Serialized files (Serialized files now loaded: 0)
System memory in use before: 87.1 MB.
System memory in use after: 87.2 MB.

Unloading 8 unused Assets to reduce memory usage. Loaded Objects now: 2325.
Total: 2.121300 ms (FindLiveObjects: 0.229500 ms CreateObjectMapping: 0.074600 ms MarkObjects: 1.802300 ms  DeleteObjects: 0.013700 ms)

AssetImportParameters requested are different than current active one (requested -> active):
  custom:graphics/normal-map-encoding: 01000000000000000000000000000000 -> 02000000000000000000000000000000
========================================================================
Received Prepare
Registering precompiled user dll's ...
Registered in 0.000837 seconds.
Begin MonoManager ReloadAssembly
Native extension for WindowsStandalone target not found
Refreshing native plugins compatible for Editor in 0.35 ms, found 1 plugins.
Preloading 0 native plugins for Editor in 0.00 ms.
Mono: successfully reloaded assembly
- Completed reload, in  0.904 seconds
Platform modules already initialized, skipping
Switching build target platform(19) subTarget(0) extendedPlatform(0) -> platform(9) subTarget(16777218) extendedPlatform(0)
Refreshing native plugins compatible for Editor in 0.34 ms, found 1 plugins.
Preloading 0 native plugins for Editor in 0.00 ms.
Unloading 1824 Unused Serialized files (Serialized files now loaded: 0)
System memory in use before: 87.1 MB.
System memory in use after: 87.2 MB.

Unloading 8 unused Assets to reduce memory usage. Loaded Objects now: 2328.
Total: 2.112300 ms (FindLiveObjects: 0.170200 ms CreateObjectMapping: 0.076700 ms MarkObjects: 1.850300 ms  DeleteObjects: 0.014300 ms)

AssetImportParameters requested are different than current active one (requested -> active):
  custom:graphics/normal-map-encoding: 01000000000000000000000000000000 -> 02000000000000000000000000000000
========================================================================
Received Prepare
Registering precompiled user dll's ...
Registered in 0.001028 seconds.
Begin MonoManager ReloadAssembly
Native extension for WindowsStandalone target not found
Refreshing native plugins compatible for Editor in 0.35 ms, found 1 plugins.
Preloading 0 native plugins for Editor in 0.00 ms.
Mono: successfully reloaded assembly
- Completed reload, in  1.088 seconds
Platform modules already initialized, skipping
Switching build target platform(19) subTarget(0) extendedPlatform(0) -> platform(9) subTarget(16777218) extendedPlatform(0)
Refreshing native plugins compatible for Editor in 0.35 ms, found 1 plugins.
Preloading 0 native plugins for Editor in 0.00 ms.
Unloading 1824 Unused Serialized files (Serialized files now loaded: 0)
System memory in use before: 87.1 MB.
System memory in use after: 87.2 MB.

Unloading 8 unused Assets to reduce memory usage. Loaded Objects now: 2331.
Total: 2.534300 ms (FindLiveObjects: 0.161900 ms CreateObjectMapping: 0.092100 ms MarkObjects: 2.263400 ms  DeleteObjects: 0.015700 ms)

AssetImportParameters requested are different than current active one (requested -> active):
  custom:graphics/normal-map-encoding: 01000000000000000000000000000000 -> 02000000000000000000000000000000
========================================================================
Received Import Request.
  Time since last request: 8560.438355 seconds.
  path: Assets/LogMessage.cs
  artifactKey: Guid(a3aa2acb12924cf42b68024450469af1) Importer(815301076,1909f56bfc062723c751e8b465ee728b)
Start importing Assets/LogMessage.cs using Guid(a3aa2acb12924cf42b68024450469af1) Importer(815301076,1909f56bfc062723c751e8b465ee728b)  -> (artifact id: 'b85e7f16182db62fb87c6a176ba5aec7') in 0.005776 seconds 
========================================================================
Received Prepare
Registering precompiled user dll's ...
Registered in 0.000848 seconds.
Begin MonoManager ReloadAssembly
Native extension for WindowsStandalone target not found
Refreshing native plugins compatible for Editor in 0.33 ms, found 1 plugins.
Preloading 0 native plugins for Editor in 0.00 ms.
Mono: successfully reloaded assembly
- Completed reload, in  1.052 seconds
Platform modules already initialized, skipping
Switching build target platform(19) subTarget(0) extendedPlatform(0) -> platform(9) subTarget(16777218) extendedPlatform(0)
Refreshing native plugins compatible for Editor in 0.33 ms, found 1 plugins.
Preloading 0 native plugins for Editor in 0.00 ms.
Unloading 1825 Unused Serialized files (Serialized files now loaded: 0)
System memory in use before: 87.2 MB.
System memory in use after: 87.3 MB.

Unloading 8 unused Assets to reduce memory usage. Loaded Objects now: 2335.
Total: 2.239700 ms (FindLiveObjects: 0.161600 ms CreateObjectMapping: 0.068400 ms MarkObjects: 1.988800 ms  DeleteObjects: 0.019600 ms)

AssetImportParameters requested are different than current active one (requested -> active):
  custom:graphics/normal-map-encoding: 01000000000000000000000000000000 -> 02000000000000000000000000000000
========================================================================
Received Import Request.
  Time since last request: 106.873032 seconds.
  path: Assets/LogMessage.prefab
  artifactKey: Guid(a40e63e93c172304eae809b7ae03113c) Importer(815301076,1909f56bfc062723c751e8b465ee728b)
Start importing Assets/LogMessage.prefab using Guid(a40e63e93c172304eae809b7ae03113c) Importer(815301076,1909f56bfc062723c751e8b465ee728b)  -> (artifact id: '4b41556fb1fb6de60ef97e2becee7949') in 0.037020 seconds 
========================================================================
Received Import Request.
  Time since last request: 3.958073 seconds.
  path: Assets/LogMessage.prefab
  artifactKey: Guid(a40e63e93c172304eae809b7ae03113c) Importer(815301076,1909f56bfc062723c751e8b465ee728b)
Start importing Assets/LogMessage.prefab using Guid(a40e63e93c172304eae809b7ae03113c) Importer(815301076,1909f56bfc062723c751e8b465ee728b)  -> (artifact id: '30cf37d2da7aa1af59f92de1cdfd1a52') in 0.004580 seconds 
========================================================================
Received Import Request.
  Time since last request: 4.164730 seconds.
  path: Assets/LogMessage.prefab
  artifactKey: Guid(a40e63e93c172304eae809b7ae03113c) Importer(815301076,1909f56bfc062723c751e8b465ee728b)
Start importing Assets/LogMessage.prefab using Guid(a40e63e93c172304eae809b7ae03113c) Importer(815301076,1909f56bfc062723c751e8b465ee728b)  -> (artifact id: '0335a20688fc1aa5fd0bf992130d78a6') in 0.004311 seconds 
========================================================================
Received Import Request.
  Time since last request: 4.585024 seconds.
  path: Assets/LogMessage.prefab
  artifactKey: Guid(a40e63e93c172304eae809b7ae03113c) Importer(815301076,1909f56bfc062723c751e8b465ee728b)
Start importing Assets/LogMessage.prefab using Guid(a40e63e93c172304eae809b7ae03113c) Importer(815301076,1909f56bfc062723c751e8b465ee728b)  -> (artifact id: '35cc5db8af5dde13ab723386e162ffa6') in 0.004015 seconds 
========================================================================
Received Import Request.
  Time since last request: 2.385172 seconds.
  path: Assets/LogMessage.prefab
  artifactKey: Guid(a40e63e93c172304eae809b7ae03113c) Importer(815301076,1909f56bfc062723c751e8b465ee728b)
Start importing Assets/LogMessage.prefab using Guid(a40e63e93c172304eae809b7ae03113c) Importer(815301076,1909f56bfc062723c751e8b465ee728b)  -> (artifact id: 'cdeb61cc44a3305f96d105f856ee57db') in 0.009264 seconds 
========================================================================
Received Import Request.
  Time since last request: 4.290489 seconds.
  path: Assets/LogMessage.prefab
  artifactKey: Guid(a40e63e93c172304eae809b7ae03113c) Importer(815301076,1909f56bfc062723c751e8b465ee728b)
Start importing Assets/LogMessage.prefab using Guid(a40e63e93c172304eae809b7ae03113c) Importer(815301076,1909f56bfc062723c751e8b465ee728b)  -> (artifact id: '0ed849d32afa11fa321b078d61ac112f') in 0.010515 seconds 
========================================================================
Received Import Request.
  Time since last request: 2.724544 seconds.
  path: Assets/LogMessage.prefab
  artifactKey: Guid(a40e63e93c172304eae809b7ae03113c) Importer(815301076,1909f56bfc062723c751e8b465ee728b)
Start importing Assets/LogMessage.prefab using Guid(a40e63e93c172304eae809b7ae03113c) Importer(815301076,1909f56bfc062723c751e8b465ee728b)  -> (artifact id: '2024158f6b3800436e8183821a531e01') in 0.005470 seconds 
========================================================================
Received Import Request.
  Time since last request: 0.911484 seconds.
  path: Assets/LogMessage.prefab
  artifactKey: Guid(a40e63e93c172304eae809b7ae03113c) Importer(815301076,1909f56bfc062723c751e8b465ee728b)
Start importing Assets/LogMessage.prefab using Guid(a40e63e93c172304eae809b7ae03113c) Importer(815301076,1909f56bfc062723c751e8b465ee728b)  -> (artifact id: 'eee682fe03b541db9fc26139096656cf') in 0.008476 seconds 
========================================================================
Received Import Request.
  Time since last request: 3.396983 seconds.
  path: Assets/LogMessage.prefab
  artifactKey: Guid(a40e63e93c172304eae809b7ae03113c) Importer(815301076,1909f56bfc062723c751e8b465ee728b)
Start importing Assets/LogMessage.prefab using Guid(a40e63e93c172304eae809b7ae03113c) Importer(815301076,1909f56bfc062723c751e8b465ee728b)  -> (artifact id: '15653a8819bda08f6b3841ad38a79524') in 0.004821 seconds 
========================================================================
Received Import Request.
  Time since last request: 3.785884 seconds.
  path: Assets/LogMessage.prefab
  artifactKey: Guid(a40e63e93c172304eae809b7ae03113c) Importer(815301076,1909f56bfc062723c751e8b465ee728b)
Start importing Assets/LogMessage.prefab using Guid(a40e63e93c172304eae809b7ae03113c) Importer(815301076,1909f56bfc062723c751e8b465ee728b)  -> (artifact id: '579291d1ed34255bd4eb2d33323307ad') in 0.004417 seconds 
========================================================================
Received Import Request.
  Time since last request: 1.787094 seconds.
  path: Assets/LogMessage.prefab
  artifactKey: Guid(a40e63e93c172304eae809b7ae03113c) Importer(815301076,1909f56bfc062723c751e8b465ee728b)
Start importing Assets/LogMessage.prefab using Guid(a40e63e93c172304eae809b7ae03113c) Importer(815301076,1909f56bfc062723c751e8b465ee728b)  -> (artifact id: 'bca54cc8635922d239a5d083611106a2') in 0.005743 seconds 
========================================================================
Received Import Request.
  Time since last request: 4.807392 seconds.
  path: Assets/LogMessage.prefab
  artifactKey: Guid(a40e63e93c172304eae809b7ae03113c) Importer(815301076,1909f56bfc062723c751e8b465ee728b)
Start importing Assets/LogMessage.prefab using Guid(a40e63e93c172304eae809b7ae03113c) Importer(815301076,1909f56bfc062723c751e8b465ee728b)  -> (artifact id: 'fe665bf88916d3c9d98304214380d8d3') in 0.007569 seconds 
========================================================================
Received Import Request.
  Time since last request: 3.389220 seconds.
  path: Assets/LogMessage.prefab
  artifactKey: Guid(a40e63e93c172304eae809b7ae03113c) Importer(815301076,1909f56bfc062723c751e8b465ee728b)
Start importing Assets/LogMessage.prefab using Guid(a40e63e93c172304eae809b7ae03113c) Importer(815301076,1909f56bfc062723c751e8b465ee728b)  -> (artifact id: '57aa8847b71b3ff330da9576afe514ac') in 0.005626 seconds 
========================================================================
Received Import Request.
  Time since last request: 4.622281 seconds.
  path: Assets/LogMessage.prefab
  artifactKey: Guid(a40e63e93c172304eae809b7ae03113c) Importer(815301076,1909f56bfc062723c751e8b465ee728b)
Start importing Assets/LogMessage.prefab using Guid(a40e63e93c172304eae809b7ae03113c) Importer(815301076,1909f56bfc062723c751e8b465ee728b)  -> (artifact id: 'bbe63682c3379c85f0aa330125ff584f') in 0.005237 seconds 
========================================================================
Received Import Request.
  Time since last request: 4.875500 seconds.
  path: Assets/LogMessage.prefab
  artifactKey: Guid(a40e63e93c172304eae809b7ae03113c) Importer(815301076,1909f56bfc062723c751e8b465ee728b)
Start importing Assets/LogMessage.prefab using Guid(a40e63e93c172304eae809b7ae03113c) Importer(815301076,1909f56bfc062723c751e8b465ee728b)  -> (artifact id: '0d3879872c39c53f285e638982e01045') in 0.004426 seconds 
========================================================================
Received Import Request.
  Time since last request: 4.439677 seconds.
  path: Assets/LogMessage.prefab
  artifactKey: Guid(a40e63e93c172304eae809b7ae03113c) Importer(815301076,1909f56bfc062723c751e8b465ee728b)
Start importing Assets/LogMessage.prefab using Guid(a40e63e93c172304eae809b7ae03113c) Importer(815301076,1909f56bfc062723c751e8b465ee728b)  -> (artifact id: '9aca87cf5b3e06882a9bac3a03c9f338') in 0.007921 seconds 
========================================================================
Received Import Request.
  Time since last request: 2.793843 seconds.
  path: Assets/LogMessage.prefab
  artifactKey: Guid(a40e63e93c172304eae809b7ae03113c) Importer(815301076,1909f56bfc062723c751e8b465ee728b)
Start importing Assets/LogMessage.prefab using Guid(a40e63e93c172304eae809b7ae03113c) Importer(815301076,1909f56bfc062723c751e8b465ee728b)  -> (artifact id: '113d1f5c1b67399948b3d94457f025e1') in 0.004261 seconds 
========================================================================
Received Import Request.
  Time since last request: 3.624284 seconds.
  path: Assets/LogMessage.prefab
  artifactKey: Guid(a40e63e93c172304eae809b7ae03113c) Importer(815301076,1909f56bfc062723c751e8b465ee728b)
Start importing Assets/LogMessage.prefab using Guid(a40e63e93c172304eae809b7ae03113c) Importer(815301076,1909f56bfc062723c751e8b465ee728b)  -> (artifact id: 'c4e412400f740a2aeef8b192a2480578') in 0.005797 seconds 
========================================================================
Received Import Request.
  Time since last request: 5.668083 seconds.
  path: Assets/LogMessage.prefab
  artifactKey: Guid(a40e63e93c172304eae809b7ae03113c) Importer(815301076,1909f56bfc062723c751e8b465ee728b)
Start importing Assets/LogMessage.prefab using Guid(a40e63e93c172304eae809b7ae03113c) Importer(815301076,1909f56bfc062723c751e8b465ee728b)  -> (artifact id: '15e6b38e5eb6ac4194368605fd3fdfaa') in 0.004750 seconds 
========================================================================
Received Import Request.
  Time since last request: 3.595845 seconds.
  path: Assets/LogMessage.prefab
  artifactKey: Guid(a40e63e93c172304eae809b7ae03113c) Importer(815301076,1909f56bfc062723c751e8b465ee728b)
Start importing Assets/LogMessage.prefab using Guid(a40e63e93c172304eae809b7ae03113c) Importer(815301076,1909f56bfc062723c751e8b465ee728b)  -> (artifact id: '7aca4763500ca463a59410d183b35e8a') in 0.008599 seconds 
========================================================================
Received Import Request.
  Time since last request: 4.778308 seconds.
  path: Assets/LogMessage.prefab
  artifactKey: Guid(a40e63e93c172304eae809b7ae03113c) Importer(815301076,1909f56bfc062723c751e8b465ee728b)
Start importing Assets/LogMessage.prefab using Guid(a40e63e93c172304eae809b7ae03113c) Importer(815301076,1909f56bfc062723c751e8b465ee728b)  -> (artifact id: '37007cd845fe11c173af1c9ca7b12296') in 0.004168 seconds 
========================================================================
Received Import Request.
  Time since last request: 3.838855 seconds.
  path: Assets/LogMessage.prefab
  artifactKey: Guid(a40e63e93c172304eae809b7ae03113c) Importer(815301076,1909f56bfc062723c751e8b465ee728b)
Start importing Assets/LogMessage.prefab using Guid(a40e63e93c172304eae809b7ae03113c) Importer(815301076,1909f56bfc062723c751e8b465ee728b)  -> (artifact id: 'dbbc493c34c09107eef2fdc669d93954') in 0.005600 seconds 
========================================================================
Received Import Request.
  Time since last request: 2.377784 seconds.
  path: Assets/LogMessage.prefab
  artifactKey: Guid(a40e63e93c172304eae809b7ae03113c) Importer(815301076,1909f56bfc062723c751e8b465ee728b)
Start importing Assets/LogMessage.prefab using Guid(a40e63e93c172304eae809b7ae03113c) Importer(815301076,1909f56bfc062723c751e8b465ee728b)  -> (artifact id: '5d85fa580850329ef57c551aacb7aad3') in 0.003976 seconds 
========================================================================
Received Import Request.
  Time since last request: 1.966873 seconds.
  path: Assets/LogMessage.prefab
  artifactKey: Guid(a40e63e93c172304eae809b7ae03113c) Importer(815301076,1909f56bfc062723c751e8b465ee728b)
Start importing Assets/LogMessage.prefab using Guid(a40e63e93c172304eae809b7ae03113c) Importer(815301076,1909f56bfc062723c751e8b465ee728b)  -> (artifact id: '78364db04bac3f12c4efb83d03110fdc') in 0.005563 seconds 
========================================================================
Received Import Request.
  Time since last request: 5.480789 seconds.
  path: Assets/LogMessage.prefab
  artifactKey: Guid(a40e63e93c172304eae809b7ae03113c) Importer(815301076,1909f56bfc062723c751e8b465ee728b)
Start importing Assets/LogMessage.prefab using Guid(a40e63e93c172304eae809b7ae03113c) Importer(815301076,1909f56bfc062723c751e8b465ee728b)  -> (artifact id: '5605cad18d5d15d74daa84cf726f96b4') in 0.003814 seconds 
========================================================================
Received Import Request.
  Time since last request: 2.193859 seconds.
  path: Assets/LogMessage.prefab
  artifactKey: Guid(a40e63e93c172304eae809b7ae03113c) Importer(815301076,1909f56bfc062723c751e8b465ee728b)
Start importing Assets/LogMessage.prefab using Guid(a40e63e93c172304eae809b7ae03113c) Importer(815301076,1909f56bfc062723c751e8b465ee728b)  -> (artifact id: '1a8aa0adb8a3de1d787cf11d2044dcf7') in 0.005600 seconds 
========================================================================
Received Import Request.
  Time since last request: 0.969337 seconds.
  path: Assets/LogMessage.prefab
  artifactKey: Guid(a40e63e93c172304eae809b7ae03113c) Importer(815301076,1909f56bfc062723c751e8b465ee728b)
Start importing Assets/LogMessage.prefab using Guid(a40e63e93c172304eae809b7ae03113c) Importer(815301076,1909f56bfc062723c751e8b465ee728b)  -> (artifact id: 'e710bd497eb101985a1ba6678a6e4544') in 0.004014 seconds 
========================================================================
Received Import Request.
  Time since last request: 2.984225 seconds.
  path: Assets/LogMessage.prefab
  artifactKey: Guid(a40e63e93c172304eae809b7ae03113c) Importer(815301076,1909f56bfc062723c751e8b465ee728b)
Start importing Assets/LogMessage.prefab using Guid(a40e63e93c172304eae809b7ae03113c) Importer(815301076,1909f56bfc062723c751e8b465ee728b)  -> (artifact id: '983570b1fdcaee12f05138c23dcd73e6') in 0.006088 seconds 
========================================================================
Received Import Request.
  Time since last request: 36.346492 seconds.
  path: Assets/LogMessage.prefab
  artifactKey: Guid(a40e63e93c172304eae809b7ae03113c) Importer(815301076,1909f56bfc062723c751e8b465ee728b)
Start importing Assets/LogMessage.prefab using Guid(a40e63e93c172304eae809b7ae03113c) Importer(815301076,1909f56bfc062723c751e8b465ee728b)  -> (artifact id: '4bf4978b8bf985c379d67997ce974a47') in 0.005677 seconds 
========================================================================
Received Import Request.
  Time since last request: 12.047022 seconds.
  path: Assets/LogMessage.prefab
  artifactKey: Guid(a40e63e93c172304eae809b7ae03113c) Importer(815301076,1909f56bfc062723c751e8b465ee728b)
Start importing Assets/LogMessage.prefab using Guid(a40e63e93c172304eae809b7ae03113c) Importer(815301076,1909f56bfc062723c751e8b465ee728b)  -> (artifact id: '0853d2d2bd581ab2c6376e874379623d') in 0.005400 seconds 
========================================================================
Received Import Request.
  Time since last request: 2.267256 seconds.
  path: Assets/LogMessage.prefab
  artifactKey: Guid(a40e63e93c172304eae809b7ae03113c) Importer(815301076,1909f56bfc062723c751e8b465ee728b)
Start importing Assets/LogMessage.prefab using Guid(a40e63e93c172304eae809b7ae03113c) Importer(815301076,1909f56bfc062723c751e8b465ee728b)  -> (artifact id: 'd9d5ef82a3f85ab6cf144b378d103c2b') in 0.005129 seconds 
========================================================================
Received Import Request.
  Time since last request: 19.536608 seconds.
  path: Assets/LogMessage.prefab
  artifactKey: Guid(a40e63e93c172304eae809b7ae03113c) Importer(815301076,1909f56bfc062723c751e8b465ee728b)
Start importing Assets/LogMessage.prefab using Guid(a40e63e93c172304eae809b7ae03113c) Importer(815301076,1909f56bfc062723c751e8b465ee728b)  -> (artifact id: 'd6981948748f36640cb628cd7fca7158') in 0.006366 seconds 
========================================================================
Received Import Request.
  Time since last request: 3.469462 seconds.
  path: Assets/LogMessage.prefab
  artifactKey: Guid(a40e63e93c172304eae809b7ae03113c) Importer(815301076,1909f56bfc062723c751e8b465ee728b)
Start importing Assets/LogMessage.prefab using Guid(a40e63e93c172304eae809b7ae03113c) Importer(815301076,1909f56bfc062723c751e8b465ee728b)  -> (artifact id: '00b67ccb4e5fe697fed626668ee9e409') in 0.088488 seconds 
========================================================================
Received Import Request.
  Time since last request: 6.922709 seconds.
  path: Assets/LogMessage.prefab
  artifactKey: Guid(a40e63e93c172304eae809b7ae03113c) Importer(815301076,1909f56bfc062723c751e8b465ee728b)
Start importing Assets/LogMessage.prefab using Guid(a40e63e93c172304eae809b7ae03113c) Importer(815301076,1909f56bfc062723c751e8b465ee728b)  -> (artifact id: 'a7ab2eb5df024eca28509c18d3aae6c0') in 0.027430 seconds 
========================================================================
Received Import Request.
  Time since last request: 3.827002 seconds.
  path: Assets/LogMessage.prefab
  artifactKey: Guid(a40e63e93c172304eae809b7ae03113c) Importer(815301076,1909f56bfc062723c751e8b465ee728b)
Start importing Assets/LogMessage.prefab using Guid(a40e63e93c172304eae809b7ae03113c) Importer(815301076,1909f56bfc062723c751e8b465ee728b)  -> (artifact id: '164c091f0cc800241629975f3a99f1c1') in 0.031745 seconds 
========================================================================
Received Import Request.
  Time since last request: 13.877494 seconds.
  path: Assets/LogMessage.prefab
  artifactKey: Guid(a40e63e93c172304eae809b7ae03113c) Importer(815301076,1909f56bfc062723c751e8b465ee728b)
Start importing Assets/LogMessage.prefab using Guid(a40e63e93c172304eae809b7ae03113c) Importer(815301076,1909f56bfc062723c751e8b465ee728b)  -> (artifact id: 'a316be82f486a5435e5110b5c1fbd375') in 0.030817 seconds 
========================================================================
Received Import Request.
  Time since last request: 1.584219 seconds.
  path: Assets/LogMessage.prefab
  artifactKey: Guid(a40e63e93c172304eae809b7ae03113c) Importer(815301076,1909f56bfc062723c751e8b465ee728b)
Start importing Assets/LogMessage.prefab using Guid(a40e63e93c172304eae809b7ae03113c) Importer(815301076,1909f56bfc062723c751e8b465ee728b)  -> (artifact id: 'c0f7ad387ece41acd67d7a619f2e840d') in 0.034769 seconds 
========================================================================
Received Import Request.
  Time since last request: 2.552243 seconds.
  path: Assets/LogMessage.prefab
  artifactKey: Guid(a40e63e93c172304eae809b7ae03113c) Importer(815301076,1909f56bfc062723c751e8b465ee728b)
Start importing Assets/LogMessage.prefab using Guid(a40e63e93c172304eae809b7ae03113c) Importer(815301076,1909f56bfc062723c751e8b465ee728b)  -> (artifact id: '715e91aa5dad73eacdb9a886c73b4ae5') in 0.030758 seconds 
========================================================================
Received Import Request.
  Time since last request: 9.052324 seconds.
  path: Assets/LogMessage.prefab
  artifactKey: Guid(a40e63e93c172304eae809b7ae03113c) Importer(815301076,1909f56bfc062723c751e8b465ee728b)
Start importing Assets/LogMessage.prefab using Guid(a40e63e93c172304eae809b7ae03113c) Importer(815301076,1909f56bfc062723c751e8b465ee728b)  -> (artifact id: '6f67d4804396ff963f11fddd2d05fa72') in 0.029668 seconds 
========================================================================
Received Import Request.
  Time since last request: 3.851897 seconds.
  path: Assets/LogMessage.prefab
  artifactKey: Guid(a40e63e93c172304eae809b7ae03113c) Importer(815301076,1909f56bfc062723c751e8b465ee728b)
Start importing Assets/LogMessage.prefab using Guid(a40e63e93c172304eae809b7ae03113c) Importer(815301076,1909f56bfc062723c751e8b465ee728b)  -> (artifact id: 'bb3a39bf83da4438e6332e434b3c9a37') in 0.026744 seconds 
========================================================================
Received Import Request.
  Time since last request: 0.339809 seconds.
  path: Assets/LogMessage.prefab
  artifactKey: Guid(a40e63e93c172304eae809b7ae03113c) Importer(815301076,1909f56bfc062723c751e8b465ee728b)
Start importing Assets/LogMessage.prefab using Guid(a40e63e93c172304eae809b7ae03113c) Importer(815301076,1909f56bfc062723c751e8b465ee728b)  -> (artifact id: '712fda14a232db4a53cbedf8d1e34215') in 0.027049 seconds 
========================================================================
Received Import Request.
  Time since last request: 1.794352 seconds.
  path: Assets/LogMessage.prefab
  artifactKey: Guid(a40e63e93c172304eae809b7ae03113c) Importer(815301076,1909f56bfc062723c751e8b465ee728b)
Start importing Assets/LogMessage.prefab using Guid(a40e63e93c172304eae809b7ae03113c) Importer(815301076,1909f56bfc062723c751e8b465ee728b)  -> (artifact id: '17711bf374d7dedd8e2aa8d8d040cf37') in 0.028150 seconds 
========================================================================
Received Import Request.
  Time since last request: 19.171608 seconds.
  path: Assets/LogMessage.prefab
  artifactKey: Guid(a40e63e93c172304eae809b7ae03113c) Importer(815301076,1909f56bfc062723c751e8b465ee728b)
Start importing Assets/LogMessage.prefab using Guid(a40e63e93c172304eae809b7ae03113c) Importer(815301076,1909f56bfc062723c751e8b465ee728b)  -> (artifact id: 'b591bc53391be578783992df2b88899a') in 0.030625 seconds 
========================================================================
Received Import Request.
  Time since last request: 1.986935 seconds.
  path: Assets/LogMessage.prefab
  artifactKey: Guid(a40e63e93c172304eae809b7ae03113c) Importer(815301076,1909f56bfc062723c751e8b465ee728b)
Start importing Assets/LogMessage.prefab using Guid(a40e63e93c172304eae809b7ae03113c) Importer(815301076,1909f56bfc062723c751e8b465ee728b)  -> (artifact id: '9421df6a8d17ba5c40560c2acae5d932') in 0.028330 seconds 
========================================================================
Received Import Request.
  Time since last request: 4.783099 seconds.
  path: Assets/LogMessage.prefab
  artifactKey: Guid(a40e63e93c172304eae809b7ae03113c) Importer(815301076,1909f56bfc062723c751e8b465ee728b)
Start importing Assets/LogMessage.prefab using Guid(a40e63e93c172304eae809b7ae03113c) Importer(815301076,1909f56bfc062723c751e8b465ee728b)  -> (artifact id: '9435f3e3e58440ce689c7b5310e72089') in 0.027624 seconds 
========================================================================
Received Import Request.
  Time since last request: 5.861005 seconds.
  path: Assets/LogMessage.prefab
  artifactKey: Guid(a40e63e93c172304eae809b7ae03113c) Importer(815301076,1909f56bfc062723c751e8b465ee728b)
Start importing Assets/LogMessage.prefab using Guid(a40e63e93c172304eae809b7ae03113c) Importer(815301076,1909f56bfc062723c751e8b465ee728b)  -> (artifact id: 'f35e1e72bb63fb3bf97b33d9b7c3a87a') in 0.027771 seconds 
========================================================================
Received Import Request.
  Time since last request: 1.353922 seconds.
  path: Assets/LogMessage.prefab
  artifactKey: Guid(a40e63e93c172304eae809b7ae03113c) Importer(815301076,1909f56bfc062723c751e8b465ee728b)
Start importing Assets/LogMessage.prefab using Guid(a40e63e93c172304eae809b7ae03113c) Importer(815301076,1909f56bfc062723c751e8b465ee728b)  -> (artifact id: '94aad5e4f801a8f33d057bdfda6feff1') in 0.032298 seconds 
========================================================================
Received Import Request.
  Time since last request: 7.653888 seconds.
  path: Assets/LogMessage.prefab
  artifactKey: Guid(a40e63e93c172304eae809b7ae03113c) Importer(815301076,1909f56bfc062723c751e8b465ee728b)
Start importing Assets/LogMessage.prefab using Guid(a40e63e93c172304eae809b7ae03113c) Importer(815301076,1909f56bfc062723c751e8b465ee728b)  -> (artifact id: '12059df4941fad1521e2981e93429320') in 0.030286 seconds 
========================================================================
Received Import Request.
  Time since last request: 2.570903 seconds.
  path: Assets/LogMessage.prefab
  artifactKey: Guid(a40e63e93c172304eae809b7ae03113c) Importer(815301076,1909f56bfc062723c751e8b465ee728b)
Start importing Assets/LogMessage.prefab using Guid(a40e63e93c172304eae809b7ae03113c) Importer(815301076,1909f56bfc062723c751e8b465ee728b)  -> (artifact id: '6036b145b094fd62e0a2239a515a6085') in 0.027985 seconds 
========================================================================
Received Import Request.
  Time since last request: 2.545756 seconds.
  path: Assets/LogMessage.prefab
  artifactKey: Guid(a40e63e93c172304eae809b7ae03113c) Importer(815301076,1909f56bfc062723c751e8b465ee728b)
Start importing Assets/LogMessage.prefab using Guid(a40e63e93c172304eae809b7ae03113c) Importer(815301076,1909f56bfc062723c751e8b465ee728b)  -> (artifact id: '8b56c33fa0b115aebf80cb65955b8f85') in 0.027691 seconds 
========================================================================
Received Import Request.
  Time since last request: 1.609617 seconds.
  path: Assets/LogMessage.prefab
  artifactKey: Guid(a40e63e93c172304eae809b7ae03113c) Importer(815301076,1909f56bfc062723c751e8b465ee728b)
Start importing Assets/LogMessage.prefab using Guid(a40e63e93c172304eae809b7ae03113c) Importer(815301076,1909f56bfc062723c751e8b465ee728b)  -> (artifact id: '40bcfb809acaaf55cb3963e23e08d34a') in 0.026559 seconds 
========================================================================
Received Import Request.
  Time since last request: 2.986275 seconds.
  path: Assets/LogMessage.prefab
  artifactKey: Guid(a40e63e93c172304eae809b7ae03113c) Importer(815301076,1909f56bfc062723c751e8b465ee728b)
Start importing Assets/LogMessage.prefab using Guid(a40e63e93c172304eae809b7ae03113c) Importer(815301076,1909f56bfc062723c751e8b465ee728b)  -> (artifact id: '8683f26a229bd4af0166721226e250bf') in 0.026437 seconds 
========================================================================
Received Import Request.
  Time since last request: 13.800515 seconds.
  path: Assets/LogMessage.prefab
  artifactKey: Guid(a40e63e93c172304eae809b7ae03113c) Importer(815301076,1909f56bfc062723c751e8b465ee728b)
Start importing Assets/LogMessage.prefab using Guid(a40e63e93c172304eae809b7ae03113c) Importer(815301076,1909f56bfc062723c751e8b465ee728b)  -> (artifact id: '482591ff8f4372d1c78f08ee7f18e692') in 0.027678 seconds 
========================================================================
Received Import Request.
  Time since last request: 15.858181 seconds.
  path: Assets/LogMessage.prefab
  artifactKey: Guid(a40e63e93c172304eae809b7ae03113c) Importer(815301076,1909f56bfc062723c751e8b465ee728b)
Start importing Assets/LogMessage.prefab using Guid(a40e63e93c172304eae809b7ae03113c) Importer(815301076,1909f56bfc062723c751e8b465ee728b)  -> (artifact id: 'e0dd1894fe1b86dbaa0e1be7fea8b9f1') in 0.026558 seconds 
========================================================================
Received Import Request.
  Time since last request: 5.547950 seconds.
  path: Assets/LogMessage.prefab
  artifactKey: Guid(a40e63e93c172304eae809b7ae03113c) Importer(815301076,1909f56bfc062723c751e8b465ee728b)
Start importing Assets/LogMessage.prefab using Guid(a40e63e93c172304eae809b7ae03113c) Importer(815301076,1909f56bfc062723c751e8b465ee728b)  -> (artifact id: '7c7558712dc05a6eae730db644784c29') in 0.026540 seconds 
========================================================================
Received Import Request.
  Time since last request: 4.236857 seconds.
  path: Assets/LogMessage.prefab
  artifactKey: Guid(a40e63e93c172304eae809b7ae03113c) Importer(815301076,1909f56bfc062723c751e8b465ee728b)
Start importing Assets/LogMessage.prefab using Guid(a40e63e93c172304eae809b7ae03113c) Importer(815301076,1909f56bfc062723c751e8b465ee728b)  -> (artifact id: 'cc674f68375bdc7e78a3ebef44f14024') in 0.029042 seconds 
========================================================================
Received Import Request.
  Time since last request: 4.166939 seconds.
  path: Assets/LogMessage.prefab
  artifactKey: Guid(a40e63e93c172304eae809b7ae03113c) Importer(815301076,1909f56bfc062723c751e8b465ee728b)
Start importing Assets/LogMessage.prefab using Guid(a40e63e93c172304eae809b7ae03113c) Importer(815301076,1909f56bfc062723c751e8b465ee728b)  -> (artifact id: '0a25491e795892d2894783593ee804cc') in 0.026681 seconds 
========================================================================
Received Import Request.
  Time since last request: 7.869900 seconds.
  path: Assets/LogMessage.prefab
  artifactKey: Guid(a40e63e93c172304eae809b7ae03113c) Importer(815301076,1909f56bfc062723c751e8b465ee728b)
Start importing Assets/LogMessage.prefab using Guid(a40e63e93c172304eae809b7ae03113c) Importer(815301076,1909f56bfc062723c751e8b465ee728b)  -> (artifact id: 'aac08a762aacea6fbf0da6b9dc77ba94') in 0.027127 seconds 
========================================================================
Received Import Request.
  Time since last request: 3.606747 seconds.
  path: Assets/LogMessage.prefab
  artifactKey: Guid(a40e63e93c172304eae809b7ae03113c) Importer(815301076,1909f56bfc062723c751e8b465ee728b)
Start importing Assets/LogMessage.prefab using Guid(a40e63e93c172304eae809b7ae03113c) Importer(815301076,1909f56bfc062723c751e8b465ee728b)  -> (artifact id: '1be58828b3f7cdbb99598ba9895f59f3') in 0.026200 seconds 
========================================================================
Received Import Request.
  Time since last request: 275.438940 seconds.
  path: Assets/LogMessage.prefab
  artifactKey: Guid(a40e63e93c172304eae809b7ae03113c) Importer(815301076,1909f56bfc062723c751e8b465ee728b)
Start importing Assets/LogMessage.prefab using Guid(a40e63e93c172304eae809b7ae03113c) Importer(815301076,1909f56bfc062723c751e8b465ee728b)  -> (artifact id: '5bcca42c3bbb412cd57bfc6e3a6a5332') in 0.029558 seconds 
========================================================================
Received Import Request.
  Time since last request: 5.058624 seconds.
  path: Assets/LogMessage.prefab
  artifactKey: Guid(a40e63e93c172304eae809b7ae03113c) Importer(815301076,1909f56bfc062723c751e8b465ee728b)
Start importing Assets/LogMessage.prefab using Guid(a40e63e93c172304eae809b7ae03113c) Importer(815301076,1909f56bfc062723c751e8b465ee728b)  -> (artifact id: 'c30ae4b579464780596734dec7704d64') in 0.029538 seconds 
========================================================================
Received Prepare
Registering precompiled user dll's ...
Registered in 0.001061 seconds.
Begin MonoManager ReloadAssembly
Native extension for WindowsStandalone target not found
Refreshing native plugins compatible for Editor in 0.99 ms, found 1 plugins.
Preloading 0 native plugins for Editor in 0.00 ms.
Mono: successfully reloaded assembly
- Completed reload, in  1.208 seconds
Platform modules already initialized, skipping
Switching build target platform(19) subTarget(0) extendedPlatform(0) -> platform(9) subTarget(16777218) extendedPlatform(0)
Refreshing native plugins compatible for Editor in 0.34 ms, found 1 plugins.
Preloading 0 native plugins for Editor in 0.00 ms.
Unloading 1825 Unused Serialized files (Serialized files now loaded: 0)
System memory in use before: 87.6 MB.
System memory in use after: 87.7 MB.

Unloading 8 unused Assets to reduce memory usage. Loaded Objects now: 2338.
Total: 2.164400 ms (FindLiveObjects: 0.162700 ms CreateObjectMapping: 0.072000 ms MarkObjects: 1.912900 ms  DeleteObjects: 0.015300 ms)

AssetImportParameters requested are different than current active one (requested -> active):
  custom:graphics/normal-map-encoding: 01000000000000000000000000000000 -> 02000000000000000000000000000000
========================================================================
Received Import Request.
  Time since last request: 830.954153 seconds.
  path: Assets/LogMessage.prefab
  artifactKey: Guid(a40e63e93c172304eae809b7ae03113c) Importer(815301076,1909f56bfc062723c751e8b465ee728b)
Start importing Assets/LogMessage.prefab using Guid(a40e63e93c172304eae809b7ae03113c) Importer(815301076,1909f56bfc062723c751e8b465ee728b)  -> (artifact id: 'cc319f04521bf867b44b64b47b3af64e') in 0.084013 seconds 
========================================================================
Received Import Request.
  Time since last request: 97.883873 seconds.
  path: Assets/LogMessage.prefab
  artifactKey: Guid(a40e63e93c172304eae809b7ae03113c) Importer(815301076,1909f56bfc062723c751e8b465ee728b)
Start importing Assets/LogMessage.prefab using Guid(a40e63e93c172304eae809b7ae03113c) Importer(815301076,1909f56bfc062723c751e8b465ee728b)  -> (artifact id: '6379ae96d72a180c7b8826d528618049') in 0.033729 seconds 
========================================================================
Received Import Request.
  Time since last request: 1.841386 seconds.
  path: Assets/LogMessage.prefab
  artifactKey: Guid(a40e63e93c172304eae809b7ae03113c) Importer(815301076,1909f56bfc062723c751e8b465ee728b)
Start importing Assets/LogMessage.prefab using Guid(a40e63e93c172304eae809b7ae03113c) Importer(815301076,1909f56bfc062723c751e8b465ee728b)  -> (artifact id: '9740b9500ffc0d65d8cf0ff12caf74f7') in 0.026350 seconds 
========================================================================
Received Import Request.
  Time since last request: 2.282862 seconds.
  path: Assets/LogMessage.prefab
  artifactKey: Guid(a40e63e93c172304eae809b7ae03113c) Importer(815301076,1909f56bfc062723c751e8b465ee728b)
Start importing Assets/LogMessage.prefab using Guid(a40e63e93c172304eae809b7ae03113c) Importer(815301076,1909f56bfc062723c751e8b465ee728b)  -> (artifact id: '4f166c486615b45b04d604f41bba31dd') in 0.027191 seconds 
========================================================================
Received Prepare
Registering precompiled user dll's ...
Registered in 0.017881 seconds.
Begin MonoManager ReloadAssembly
Native extension for WindowsStandalone target not found
Refreshing native plugins compatible for Editor in 0.39 ms, found 1 plugins.
Preloading 0 native plugins for Editor in 0.00 ms.
Mono: successfully reloaded assembly
- Completed reload, in  0.998 seconds
Platform modules already initialized, skipping
Switching build target platform(19) subTarget(0) extendedPlatform(0) -> platform(9) subTarget(16777218) extendedPlatform(0)
Refreshing native plugins compatible for Editor in 0.32 ms, found 1 plugins.
Preloading 0 native plugins for Editor in 0.00 ms.
Unloading 1825 Unused Serialized files (Serialized files now loaded: 0)
System memory in use before: 87.6 MB.
System memory in use after: 87.7 MB.

Unloading 8 unused Assets to reduce memory usage. Loaded Objects now: 2341.
Total: 2.125800 ms (FindLiveObjects: 0.155900 ms CreateObjectMapping: 0.068900 ms MarkObjects: 1.886300 ms  DeleteObjects: 0.013900 ms)

AssetImportParameters requested are different than current active one (requested -> active):
  custom:graphics/normal-map-encoding: 01000000000000000000000000000000 -> 02000000000000000000000000000000
========================================================================
Received Import Request.
  Time since last request: 798.969207 seconds.
  path: Assets/LogMessage.prefab
  artifactKey: Guid(a40e63e93c172304eae809b7ae03113c) Importer(815301076,1909f56bfc062723c751e8b465ee728b)
Start importing Assets/LogMessage.prefab using Guid(a40e63e93c172304eae809b7ae03113c) Importer(815301076,1909f56bfc062723c751e8b465ee728b)  -> (artifact id: 'd87aa2ba8210777cd28fd36057a79f52') in 0.091159 seconds 
========================================================================
Received Prepare
Registering precompiled user dll's ...
Registered in 0.000844 seconds.
Begin MonoManager ReloadAssembly
Native extension for WindowsStandalone target not found
Refreshing native plugins compatible for Editor in 0.36 ms, found 1 plugins.
Preloading 0 native plugins for Editor in 0.00 ms.
Mono: successfully reloaded assembly
- Completed reload, in  0.989 seconds
Platform modules already initialized, skipping
Switching build target platform(19) subTarget(0) extendedPlatform(0) -> platform(9) subTarget(16777218) extendedPlatform(0)
Refreshing native plugins compatible for Editor in 0.33 ms, found 1 plugins.
Preloading 0 native plugins for Editor in 0.00 ms.
Unloading 1825 Unused Serialized files (Serialized files now loaded: 0)
System memory in use before: 87.6 MB.
System memory in use after: 87.7 MB.

Unloading 8 unused Assets to reduce memory usage. Loaded Objects now: 2344.
Total: 2.024700 ms (FindLiveObjects: 0.163800 ms CreateObjectMapping: 0.063100 ms MarkObjects: 1.781900 ms  DeleteObjects: 0.014600 ms)

AssetImportParameters requested are different than current active one (requested -> active):
  custom:graphics/normal-map-encoding: 01000000000000000000000000000000 -> 02000000000000000000000000000000
========================================================================
Received Prepare
Registering precompiled user dll's ...
Registered in 0.000898 seconds.
Begin MonoManager ReloadAssembly
Native extension for WindowsStandalone target not found
Refreshing native plugins compatible for Editor in 0.33 ms, found 1 plugins.
Preloading 0 native plugins for Editor in 0.00 ms.
Mono: successfully reloaded assembly
- Completed reload, in  1.003 seconds
Platform modules already initialized, skipping
Switching build target platform(19) subTarget(0) extendedPlatform(0) -> platform(9) subTarget(16777218) extendedPlatform(0)
Refreshing native plugins compatible for Editor in 0.49 ms, found 1 plugins.
Preloading 0 native plugins for Editor in 0.00 ms.
Unloading 1825 Unused Serialized files (Serialized files now loaded: 0)
System memory in use before: 87.6 MB.
System memory in use after: 87.7 MB.

Unloading 8 unused Assets to reduce memory usage. Loaded Objects now: 2347.
Total: 2.360400 ms (FindLiveObjects: 0.208900 ms CreateObjectMapping: 0.076500 ms MarkObjects: 2.052200 ms  DeleteObjects: 0.021700 ms)

AssetImportParameters requested are different than current active one (requested -> active):
  custom:graphics/normal-map-encoding: 01000000000000000000000000000000 -> 02000000000000000000000000000000
========================================================================
Received Prepare
Refreshing native plugins compatible for Editor in 1.52 ms, found 1 plugins.
Preloading 0 native plugins for Editor in 0.00 ms.
Unloading 5 Unused Serialized files (Serialized files now loaded: 0)
System memory in use before: 51.7 MB.
System memory in use after: 51.8 MB.

Unloading 5 unused Assets to reduce memory usage. Loaded Objects now: 2347.
Total: 2.464400 ms (FindLiveObjects: 0.161200 ms CreateObjectMapping: 0.067400 ms MarkObjects: 2.222600 ms  DeleteObjects: 0.012300 ms)

========================================================================
Received Prepare
Registering precompiled user dll's ...
Registered in 0.000943 seconds.
Begin MonoManager ReloadAssembly
Native extension for WindowsStandalone target not found
Refreshing native plugins compatible for Editor in 0.38 ms, found 1 plugins.
Preloading 0 native plugins for Editor in 0.00 ms.
Mono: successfully reloaded assembly
- Completed reload, in  1.023 seconds
Platform modules already initialized, skipping
Switching build target platform(19) subTarget(0) extendedPlatform(0) -> platform(9) subTarget(16777218) extendedPlatform(0)
Refreshing native plugins compatible for Editor in 0.37 ms, found 1 plugins.
Preloading 0 native plugins for Editor in 0.00 ms.
Unloading 1825 Unused Serialized files (Serialized files now loaded: 0)
System memory in use before: 87.6 MB.
System memory in use after: 87.7 MB.

Unloading 8 unused Assets to reduce memory usage. Loaded Objects now: 2350.
Total: 3.002200 ms (FindLiveObjects: 0.174100 ms CreateObjectMapping: 0.069800 ms MarkObjects: 2.733600 ms  DeleteObjects: 0.023300 ms)

AssetImportParameters requested are different than current active one (requested -> active):
  custom:graphics/normal-map-encoding: 01000000000000000000000000000000 -> 02000000000000000000000000000000
========================================================================
Received Prepare
Registering precompiled user dll's ...
Registered in 0.000955 seconds.
Begin MonoManager ReloadAssembly
Native extension for WindowsStandalone target not found
Refreshing native plugins compatible for Editor in 0.41 ms, found 1 plugins.
Preloading 0 native plugins for Editor in 0.00 ms.
Mono: successfully reloaded assembly
- Completed reload, in  1.164 seconds
Platform modules already initialized, skipping
Switching build target platform(19) subTarget(0) extendedPlatform(0) -> platform(9) subTarget(16777218) extendedPlatform(0)
Refreshing native plugins compatible for Editor in 0.37 ms, found 1 plugins.
Preloading 0 native plugins for Editor in 0.00 ms.
Unloading 1825 Unused Serialized files (Serialized files now loaded: 0)
System memory in use before: 87.6 MB.
System memory in use after: 87.7 MB.

Unloading 8 unused Assets to reduce memory usage. Loaded Objects now: 2353.
Total: 2.888100 ms (FindLiveObjects: 0.181800 ms CreateObjectMapping: 0.174200 ms MarkObjects: 2.516600 ms  DeleteObjects: 0.014200 ms)

AssetImportParameters requested are different than current active one (requested -> active):
  custom:graphics/normal-map-encoding: 01000000000000000000000000000000 -> 02000000000000000000000000000000
========================================================================
Received Prepare
Refreshing native plugins compatible for Editor in 1.54 ms, found 1 plugins.
Preloading 0 native plugins for Editor in 0.00 ms.
Unloading 5 Unused Serialized files (Serialized files now loaded: 0)
System memory in use before: 51.7 MB.
System memory in use after: 51.8 MB.

Unloading 5 unused Assets to reduce memory usage. Loaded Objects now: 2353.
Total: 2.377800 ms (FindLiveObjects: 0.212700 ms CreateObjectMapping: 0.092400 ms MarkObjects: 2.053700 ms  DeleteObjects: 0.016900 ms)

========================================================================
Received Prepare
Registering precompiled user dll's ...
Registered in 0.001057 seconds.
Begin MonoManager ReloadAssembly
Native extension for WindowsStandalone target not found
Refreshing native plugins compatible for Editor in 0.34 ms, found 1 plugins.
Preloading 0 native plugins for Editor in 0.00 ms.
Mono: successfully reloaded assembly
- Completed reload, in  0.992 seconds
Platform modules already initialized, skipping
Switching build target platform(19) subTarget(0) extendedPlatform(0) -> platform(9) subTarget(16777218) extendedPlatform(0)
Refreshing native plugins compatible for Editor in 0.41 ms, found 1 plugins.
Preloading 0 native plugins for Editor in 0.00 ms.
Unloading 1825 Unused Serialized files (Serialized files now loaded: 0)
System memory in use before: 87.6 MB.
System memory in use after: 87.7 MB.

Unloading 8 unused Assets to reduce memory usage. Loaded Objects now: 2356.
Total: 2.174600 ms (FindLiveObjects: 0.201700 ms CreateObjectMapping: 0.084600 ms MarkObjects: 1.870500 ms  DeleteObjects: 0.016300 ms)

AssetImportParameters requested are different than current active one (requested -> active):
  custom:graphics/normal-map-encoding: 01000000000000000000000000000000 -> 02000000000000000000000000000000
========================================================================
Received Prepare
Registering precompiled user dll's ...
Registered in 0.000811 seconds.
Begin MonoManager ReloadAssembly
Native extension for WindowsStandalone target not found
Refreshing native plugins compatible for Editor in 0.33 ms, found 1 plugins.
Preloading 0 native plugins for Editor in 0.00 ms.
Mono: successfully reloaded assembly
- Completed reload, in  1.001 seconds
Platform modules already initialized, skipping
Switching build target platform(19) subTarget(0) extendedPlatform(0) -> platform(9) subTarget(16777218) extendedPlatform(0)
Refreshing native plugins compatible for Editor in 0.32 ms, found 1 plugins.
Preloading 0 native plugins for Editor in 0.00 ms.
Unloading 1825 Unused Serialized files (Serialized files now loaded: 0)
System memory in use before: 87.6 MB.
System memory in use after: 87.7 MB.

Unloading 8 unused Assets to reduce memory usage. Loaded Objects now: 2359.
Total: 2.179400 ms (FindLiveObjects: 0.179800 ms CreateObjectMapping: 0.078600 ms MarkObjects: 1.905300 ms  DeleteObjects: 0.014800 ms)

AssetImportParameters requested are different than current active one (requested -> active):
  custom:graphics/normal-map-encoding: 01000000000000000000000000000000 -> 02000000000000000000000000000000
========================================================================
Received Prepare
Registering precompiled user dll's ...
Registered in 0.000807 seconds.
Begin MonoManager ReloadAssembly
Native extension for WindowsStandalone target not found
Refreshing native plugins compatible for Editor in 0.33 ms, found 1 plugins.
Preloading 0 native plugins for Editor in 0.00 ms.
Mono: successfully reloaded assembly
- Completed reload, in  1.031 seconds
Platform modules already initialized, skipping
Switching build target platform(19) subTarget(0) extendedPlatform(0) -> platform(9) subTarget(16777218) extendedPlatform(0)
Refreshing native plugins compatible for Editor in 0.35 ms, found 1 plugins.
Preloading 0 native plugins for Editor in 0.00 ms.
Unloading 1825 Unused Serialized files (Serialized files now loaded: 0)
System memory in use before: 87.6 MB.
System memory in use after: 87.7 MB.

Unloading 8 unused Assets to reduce memory usage. Loaded Objects now: 2362.
Total: 2.129700 ms (FindLiveObjects: 0.233300 ms CreateObjectMapping: 0.079400 ms MarkObjects: 1.801800 ms  DeleteObjects: 0.014000 ms)

AssetImportParameters requested are different than current active one (requested -> active):
  custom:graphics/normal-map-encoding: 01000000000000000000000000000000 -> 02000000000000000000000000000000
========================================================================
Received Prepare
Registering precompiled user dll's ...
Registered in 0.001098 seconds.
Begin MonoManager ReloadAssembly
Native extension for WindowsStandalone target not found
Refreshing native plugins compatible for Editor in 0.35 ms, found 1 plugins.
Preloading 0 native plugins for Editor in 0.00 ms.
Mono: successfully reloaded assembly
- Completed reload, in  0.959 seconds
Platform modules already initialized, skipping
Switching build target platform(19) subTarget(0) extendedPlatform(0) -> platform(9) subTarget(16777218) extendedPlatform(0)
Refreshing native plugins compatible for Editor in 0.34 ms, found 1 plugins.
Preloading 0 native plugins for Editor in 0.00 ms.
Unloading 1825 Unused Serialized files (Serialized files now loaded: 0)
System memory in use before: 87.6 MB.
System memory in use after: 87.7 MB.

Unloading 8 unused Assets to reduce memory usage. Loaded Objects now: 2365.
Total: 2.260800 ms (FindLiveObjects: 0.180800 ms CreateObjectMapping: 0.078200 ms MarkObjects: 1.986000 ms  DeleteObjects: 0.014700 ms)

AssetImportParameters requested are different than current active one (requested -> active):
  custom:graphics/normal-map-encoding: 01000000000000000000000000000000 -> 02000000000000000000000000000000
========================================================================
Received Prepare
Registering precompiled user dll's ...
Registered in 0.000847 seconds.
Begin MonoManager ReloadAssembly
Native extension for WindowsStandalone target not found
Refreshing native plugins compatible for Editor in 0.33 ms, found 1 plugins.
Preloading 0 native plugins for Editor in 0.00 ms.
Mono: successfully reloaded assembly
- Completed reload, in  1.006 seconds
Platform modules already initialized, skipping
Switching build target platform(19) subTarget(0) extendedPlatform(0) -> platform(9) subTarget(16777218) extendedPlatform(0)
Refreshing native plugins compatible for Editor in 0.32 ms, found 1 plugins.
Preloading 0 native plugins for Editor in 0.00 ms.
Unloading 1825 Unused Serialized files (Serialized files now loaded: 0)
System memory in use before: 87.6 MB.
System memory in use after: 87.8 MB.

Unloading 8 unused Assets to reduce memory usage. Loaded Objects now: 2368.
Total: 2.146300 ms (FindLiveObjects: 0.152500 ms CreateObjectMapping: 0.068100 ms MarkObjects: 1.909600 ms  DeleteObjects: 0.015300 ms)

AssetImportParameters requested are different than current active one (requested -> active):
  custom:graphics/normal-map-encoding: 01000000000000000000000000000000 -> 02000000000000000000000000000000
========================================================================
Received Prepare
Registering precompiled user dll's ...
Registered in 0.000815 seconds.
Begin MonoManager ReloadAssembly
Native extension for WindowsStandalone target not found
Refreshing native plugins compatible for Editor in 0.35 ms, found 1 plugins.
Preloading 0 native plugins for Editor in 0.00 ms.
Mono: successfully reloaded assembly
- Completed reload, in  1.181 seconds
Platform modules already initialized, skipping
Switching build target platform(19) subTarget(0) extendedPlatform(0) -> platform(9) subTarget(16777218) extendedPlatform(0)
Refreshing native plugins compatible for Editor in 0.35 ms, found 1 plugins.
Preloading 0 native plugins for Editor in 0.00 ms.
Unloading 1825 Unused Serialized files (Serialized files now loaded: 0)
System memory in use before: 87.6 MB.
System memory in use after: 87.8 MB.

Unloading 8 unused Assets to reduce memory usage. Loaded Objects now: 2371.
Total: 2.693900 ms (FindLiveObjects: 0.425500 ms CreateObjectMapping: 0.162000 ms MarkObjects: 2.089900 ms  DeleteObjects: 0.015400 ms)

AssetImportParameters requested are different than current active one (requested -> active):
  custom:graphics/normal-map-encoding: 01000000000000000000000000000000 -> 02000000000000000000000000000000
========================================================================
Received Prepare
Registering precompiled user dll's ...
Registered in 0.000932 seconds.
Begin MonoManager ReloadAssembly
Native extension for WindowsStandalone target not found
Refreshing native plugins compatible for Editor in 0.41 ms, found 1 plugins.
Preloading 0 native plugins for Editor in 0.00 ms.
Mono: successfully reloaded assembly
- Completed reload, in  1.003 seconds
Platform modules already initialized, skipping
Switching build target platform(19) subTarget(0) extendedPlatform(0) -> platform(9) subTarget(16777218) extendedPlatform(0)
Refreshing native plugins compatible for Editor in 0.32 ms, found 1 plugins.
Preloading 0 native plugins for Editor in 0.00 ms.
Unloading 1825 Unused Serialized files (Serialized files now loaded: 0)
System memory in use before: 87.7 MB.
System memory in use after: 87.8 MB.

Unloading 8 unused Assets to reduce memory usage. Loaded Objects now: 2374.
Total: 5.047800 ms (FindLiveObjects: 0.266900 ms CreateObjectMapping: 0.156200 ms MarkObjects: 4.598000 ms  DeleteObjects: 0.024900 ms)

AssetImportParameters requested are different than current active one (requested -> active):
  custom:graphics/normal-map-encoding: 01000000000000000000000000000000 -> 02000000000000000000000000000000
========================================================================
Received Prepare
Registering precompiled user dll's ...
Registered in 0.000977 seconds.
Begin MonoManager ReloadAssembly
Native extension for WindowsStandalone target not found
Refreshing native plugins compatible for Editor in 0.34 ms, found 1 plugins.
Preloading 0 native plugins for Editor in 0.00 ms.
Mono: successfully reloaded assembly
- Completed reload, in  1.005 seconds
Platform modules already initialized, skipping
Switching build target platform(19) subTarget(0) extendedPlatform(0) -> platform(9) subTarget(16777218) extendedPlatform(0)
Refreshing native plugins compatible for Editor in 0.72 ms, found 1 plugins.
Preloading 0 native plugins for Editor in 0.00 ms.
Unloading 1825 Unused Serialized files (Serialized files now loaded: 0)
System memory in use before: 87.7 MB.
System memory in use after: 87.8 MB.

Unloading 8 unused Assets to reduce memory usage. Loaded Objects now: 2377.
Total: 2.134000 ms (FindLiveObjects: 0.180200 ms CreateObjectMapping: 0.074900 ms MarkObjects: 1.863600 ms  DeleteObjects: 0.014200 ms)

AssetImportParameters requested are different than current active one (requested -> active):
  custom:graphics/normal-map-encoding: 01000000000000000000000000000000 -> 02000000000000000000000000000000
========================================================================
Received Prepare
Registering precompiled user dll's ...
Registered in 0.000919 seconds.
Begin MonoManager ReloadAssembly
Native extension for WindowsStandalone target not found
Refreshing native plugins compatible for Editor in 0.33 ms, found 1 plugins.
Preloading 0 native plugins for Editor in 0.00 ms.
Mono: successfully reloaded assembly
- Completed reload, in  1.005 seconds
Platform modules already initialized, skipping
Switching build target platform(19) subTarget(0) extendedPlatform(0) -> platform(9) subTarget(16777218) extendedPlatform(0)
Refreshing native plugins compatible for Editor in 0.32 ms, found 1 plugins.
Preloading 0 native plugins for Editor in 0.00 ms.
Unloading 1825 Unused Serialized files (Serialized files now loaded: 0)
System memory in use before: 87.7 MB.
System memory in use after: 87.8 MB.

Unloading 8 unused Assets to reduce memory usage. Loaded Objects now: 2380.
Total: 2.129700 ms (FindLiveObjects: 0.164000 ms CreateObjectMapping: 0.069300 ms MarkObjects: 1.879600 ms  DeleteObjects: 0.015700 ms)

AssetImportParameters requested are different than current active one (requested -> active):
  custom:graphics/normal-map-encoding: 01000000000000000000000000000000 -> 02000000000000000000000000000000
========================================================================
Received Prepare
Refreshing native plugins compatible for Editor in 1.86 ms, found 1 plugins.
Preloading 0 native plugins for Editor in 0.00 ms.
Unloading 5 Unused Serialized files (Serialized files now loaded: 0)
System memory in use before: 51.7 MB.
System memory in use after: 51.9 MB.

Unloading 5 unused Assets to reduce memory usage. Loaded Objects now: 2380.
Total: 2.474700 ms (FindLiveObjects: 0.209300 ms CreateObjectMapping: 0.091300 ms MarkObjects: 2.155200 ms  DeleteObjects: 0.017600 ms)

========================================================================
Received Prepare
Registering precompiled user dll's ...
Registered in 0.000845 seconds.
Begin MonoManager ReloadAssembly
Native extension for WindowsStandalone target not found
Refreshing native plugins compatible for Editor in 0.34 ms, found 1 plugins.
Preloading 0 native plugins for Editor in 0.00 ms.
Mono: successfully reloaded assembly
- Completed reload, in  1.045 seconds
Platform modules already initialized, skipping
Switching build target platform(19) subTarget(0) extendedPlatform(0) -> platform(9) subTarget(16777218) extendedPlatform(0)
Refreshing native plugins compatible for Editor in 0.32 ms, found 1 plugins.
Preloading 0 native plugins for Editor in 0.00 ms.
Unloading 1825 Unused Serialized files (Serialized files now loaded: 0)
System memory in use before: 87.7 MB.
System memory in use after: 87.8 MB.

Unloading 8 unused Assets to reduce memory usage. Loaded Objects now: 2383.
Total: 2.600700 ms (FindLiveObjects: 0.234700 ms CreateObjectMapping: 0.086600 ms MarkObjects: 2.262000 ms  DeleteObjects: 0.015600 ms)

AssetImportParameters requested are different than current active one (requested -> active):
  custom:graphics/normal-map-encoding: 01000000000000000000000000000000 -> 02000000000000000000000000000000
========================================================================
Received Prepare
Registering precompiled user dll's ...
Registered in 0.000882 seconds.
Begin MonoManager ReloadAssembly
Native extension for WindowsStandalone target not found
Refreshing native plugins compatible for Editor in 0.41 ms, found 1 plugins.
Preloading 0 native plugins for Editor in 0.00 ms.
Mono: successfully reloaded assembly
- Completed reload, in  1.004 seconds
Platform modules already initialized, skipping
Switching build target platform(19) subTarget(0) extendedPlatform(0) -> platform(9) subTarget(16777218) extendedPlatform(0)
Refreshing native plugins compatible for Editor in 0.32 ms, found 1 plugins.
Preloading 0 native plugins for Editor in 0.00 ms.
Unloading 1825 Unused Serialized files (Serialized files now loaded: 0)
System memory in use before: 87.7 MB.
System memory in use after: 87.8 MB.

Unloading 8 unused Assets to reduce memory usage. Loaded Objects now: 2386.
Total: 2.397800 ms (FindLiveObjects: 0.201600 ms CreateObjectMapping: 0.079200 ms MarkObjects: 2.099900 ms  DeleteObjects: 0.016200 ms)

AssetImportParameters requested are different than current active one (requested -> active):
  custom:graphics/normal-map-encoding: 01000000000000000000000000000000 -> 02000000000000000000000000000000
========================================================================
Received Prepare
Registering precompiled user dll's ...
Registered in 0.001461 seconds.
Begin MonoManager ReloadAssembly
Native extension for WindowsStandalone target not found
Refreshing native plugins compatible for Editor in 0.36 ms, found 1 plugins.
Preloading 0 native plugins for Editor in 0.00 ms.
Mono: successfully reloaded assembly
- Completed reload, in  1.241 seconds
Platform modules already initialized, skipping
Switching build target platform(19) subTarget(0) extendedPlatform(0) -> platform(9) subTarget(16777218) extendedPlatform(0)
Refreshing native plugins compatible for Editor in 0.59 ms, found 1 plugins.
Preloading 0 native plugins for Editor in 0.00 ms.
Unloading 1825 Unused Serialized files (Serialized files now loaded: 0)
System memory in use before: 87.7 MB.
System memory in use after: 87.8 MB.

Unloading 8 unused Assets to reduce memory usage. Loaded Objects now: 2389.
Total: 2.931500 ms (FindLiveObjects: 0.238500 ms CreateObjectMapping: 0.112600 ms MarkObjects: 2.563800 ms  DeleteObjects: 0.015500 ms)

AssetImportParameters requested are different than current active one (requested -> active):
  custom:graphics/normal-map-encoding: 01000000000000000000000000000000 -> 02000000000000000000000000000000
========================================================================
Received Prepare
Refreshing native plugins compatible for Editor in 2.49 ms, found 1 plugins.
Preloading 0 native plugins for Editor in 0.00 ms.
Unloading 5 Unused Serialized files (Serialized files now loaded: 0)
System memory in use before: 51.8 MB.
System memory in use after: 51.9 MB.

Unloading 5 unused Assets to reduce memory usage. Loaded Objects now: 2389.
Total: 2.130700 ms (FindLiveObjects: 0.161600 ms CreateObjectMapping: 0.115200 ms MarkObjects: 1.837800 ms  DeleteObjects: 0.014900 ms)

AssetImportWorkerClient::OnTransportError - code=2 error=End of file
